0 info it worked if it ends with ok
1 verbose cli [ '/usr/local/Cellar/node/7.5.0/bin/node',
1 verbose cli   '/usr/local/bin/npm',
1 verbose cli   'run',
1 verbose cli   'dev' ]
2 info using npm@2.15.11
3 info using node@v7.5.0
4 verbose stack Error: ENOENT: no such file or directory, open '/Users/canassa/apps/vue-course/project1/package.json'
5 verbose cwd /Users/canassa/apps/vue-course/project1
6 error Darwin 16.4.0
7 error argv "/usr/local/Cellar/node/7.5.0/bin/node" "/usr/local/bin/npm" "run" "dev"
8 error node v7.5.0
9 error npm  v2.15.11
10 error path /Users/canassa/apps/vue-course/project1/package.json
11 error code ENOENT
12 error errno -2
13 error syscall open
14 error enoent ENOENT: no such file or directory, open '/Users/canassa/apps/vue-course/project1/package.json'
14 error enoent This is most likely not a problem with npm itself
14 error enoent and is related to npm not being able to find a file.
15 verbose exit [ -2, true ]
